build/outputs/logs/manifest-merger-release-report.txt
-- Merging decision tree log ---
manifest
ADDED from src/main/AndroidManifest.xml:2:1-21:12
	package
		ADDED from src/main/AndroidManifest.xml:3:11-48
	android:versionName
		ADDED from src/main/AndroidManifest.xml:5:11-38
		INJECTED from src/main/AndroidManifest.xml
		INJECTED from src/main/AndroidManifest.xml
	android:versionCode
		ADDED from src/main/AndroidManifest.xml:4:11-34
		INJECTED from src/main/AndroidManifest.xml
		INJECTED from src/main/AndroidManifest.xml
	xmlns:android
		ADDED from src/main/AndroidManifest.xml:2:11-69
uses-sdk
ADDED from src/main/AndroidManifest.xml:7:5-73
	android:targetSdkVersion
		ADDED from src/main/AndroidManifest.xml:7:42-71
	android:minSdkVersion
		ADDED from src/main/AndroidManifest.xml:7:15-41
application
ADDED from src/main/AndroidManifest.xml:9:5-20:19
	android:label
		ADDED from src/main/AndroidManifest.xml:9:18-52
	android:icon
		ADDED from src/main/AndroidManifest.xml:10:15-50
activity#ru.uzen.android.theme.Note5.App
ADDED from src/main/AndroidManifest.xml:12:9-17:20
	android:exported
		ADDED from src/main/AndroidManifest.xml:12:19-43
	android:name
		ADDED from src/main/AndroidManifest.xml:12:44-63
intent-filter#android.intent.action.MAIN+android.intent.category.STHEME
ADDED from src/main/AndroidManifest.xml:13:13-16:29
action#android.intent.action.MAIN
ADDED from src/main/AndroidManifest.xml:14:17-68
	android:name
		ADDED from src/main/AndroidManifest.xml:14:25-66
category#android.intent.category.STHEME
ADDED from src/main/AndroidManifest.xml:15:17-74
	android:name
		ADDED from src/main/AndroidManifest.xml:15:27-72
meta-data#SPDE.build.signature
ADDED from src/main/AndroidManifest.xml:18:9-111
	android:value
		ADDED from src/main/AndroidManifest.xml:18:56-109
	android:name
		ADDED from src/main/AndroidManifest.xml:18:20-55
meta-data#SPDE.env.version
ADDED from src/main/AndroidManifest.xml:19:9-90
	android:value
		ADDED from src/main/AndroidManifest.xml:19:52-88
	android:name
		ADDED from src/main/AndroidManifest.xml:19:20-51